<?xml version="1.0" encoding="UTF-8"?>
<!-- Generated by org.testng.reporters.JUnitXMLReporter -->
<testsuite ignored="0" hostname="LAPTOP-7HPSF2VF" failures="0" tests="4" name="Test" time="198.63" errors="0" timestamp="2022-10-08T15:18:52 IST">
  <testcase classname="com.sauceddemo.testclass.TC_01_verifyloginfunctionality" name="loginfunctionality" time="0.021"/>
  <testcase classname="com.sauceddemo.testclass.TC_04_Multiple_Product_Add_Functionality" name="verifymultipleaddtocart" time="2.114"/>
  <testcase classname="com.sauceddemo.testclass.TC_03_Verify_Addtokart_functionality" name="verifyaddtocart" time="14.968"/>
  <testcase classname="com.sauceddemo.testclass.TC_02_verify_LogOut_Functionality" name="verifylogout" time="0.004"/>
</testsuite> <!-- Test -->
